<?xml version="1.0" encoding="UTF-8"?>
<testng-results ignored="0" total="5" passed="5" failed="0" skipped="0">
  <reporter-output>
    <line>
      <![CDATA[CampaignCAM_1254 added successsfully ]]>
    </line>
  </reporter-output>
  <suite started-at="2025-04-04T21:06:02 IST" name="Suite" finished-at="2025-04-04T21:07:25 IST" duration-ms="83416">
    <groups>
    </groups>
    <test started-at="2025-04-04T21:06:02 IST" name="Test" finished-at="2025-04-04T21:07:25 IST" duration-ms="83416">
      <class name="campaignPage.CreateCampaignTest">
        <test-method is-config="true" signature="beforeClass()[pri:0, instance:campaignPage.CreateCampaignTest@28261e8e]" started-at="2025-04-04T21:06:57 IST" name="beforeClass" finished-at="2025-04-04T21:07:00 IST" duration-ms="2323" status="PASS">
          <reporter-output>
          </reporter-output>
        </test-method> <!-- beforeClass -->
        <test-method is-config="true" signature="beforeMethod()[pri:0, instance:campaignPage.CreateCampaignTest@28261e8e]" started-at="2025-04-04T21:07:00 IST" name="beforeMethod" finished-at="2025-04-04T21:07:04 IST" duration-ms="4530" status="PASS">
          <reporter-output>
          </reporter-output>
        </test-method> <!-- beforeMethod -->
        <test-method signature="createCampaignTest()[pri:0, instance:campaignPage.CreateCampaignTest@28261e8e]" started-at="2025-04-04T21:07:04 IST" name="createCampaignTest" finished-at="2025-04-04T21:07:14 IST" duration-ms="9883" status="PASS">
          <reporter-output>
          </reporter-output>
        </test-method> <!-- createCampaignTest -->
        <test-method is-config="true" signature="afterMethod()[pri:0, instance:campaignPage.CreateCampaignTest@28261e8e]" started-at="2025-04-04T21:07:14 IST" name="afterMethod" finished-at="2025-04-04T21:07:14 IST" duration-ms="118" status="PASS">
          <reporter-output>
          </reporter-output>
        </test-method> <!-- afterMethod -->
        <test-method is-config="true" signature="beforeMethod()[pri:0, instance:campaignPage.CreateCampaignTest@28261e8e]" started-at="2025-04-04T21:07:14 IST" name="beforeMethod" finished-at="2025-04-04T21:07:16 IST" duration-ms="1671" status="PASS">
          <reporter-output>
          </reporter-output>
        </test-method> <!-- beforeMethod -->
        <test-method signature="createCampaignWithDateTest()[pri:0, instance:campaignPage.CreateCampaignTest@28261e8e]" started-at="2025-04-04T21:07:16 IST" name="createCampaignWithDateTest" finished-at="2025-04-04T21:07:23 IST" duration-ms="7304" status="PASS">
          <reporter-output>
          </reporter-output>
        </test-method> <!-- createCampaignWithDateTest -->
        <test-method is-config="true" signature="afterMethod()[pri:0, instance:campaignPage.CreateCampaignTest@28261e8e]" started-at="2025-04-04T21:07:23 IST" name="afterMethod" finished-at="2025-04-04T21:07:23 IST" duration-ms="121" status="PASS">
          <reporter-output>
          </reporter-output>
        </test-method> <!-- afterMethod -->
        <test-method is-config="true" signature="afterClass()[pri:0, instance:campaignPage.CreateCampaignTest@28261e8e]" started-at="2025-04-04T21:07:23 IST" name="afterClass" finished-at="2025-04-04T21:07:25 IST" duration-ms="1668" status="PASS">
          <reporter-output>
          </reporter-output>
        </test-method> <!-- afterClass -->
      </class> <!-- campaignPage.CreateCampaignTest -->
      <class name="ninzaLogin.LoginTest">
        <test-method is-config="true" signature="beforeClass()[pri:0, instance:ninzaLogin.LoginTest@7f485fda]" started-at="2025-04-04T21:06:44 IST" name="beforeClass" finished-at="2025-04-04T21:06:47 IST" duration-ms="2904" status="PASS">
          <reporter-output>
          </reporter-output>
        </test-method> <!-- beforeClass -->
        <test-method is-config="true" signature="beforeMethod()[pri:0, instance:ninzaLogin.LoginTest@7f485fda]" started-at="2025-04-04T21:06:47 IST" name="beforeMethod" finished-at="2025-04-04T21:06:51 IST" duration-ms="4306" status="PASS">
          <reporter-output>
          </reporter-output>
        </test-method> <!-- beforeMethod -->
        <test-method signature="loginTest()[pri:0, instance:ninzaLogin.LoginTest@7f485fda]" started-at="2025-04-04T21:06:51 IST" name="loginTest" finished-at="2025-04-04T21:06:55 IST" duration-ms="4437" status="PASS">
          <reporter-output>
          </reporter-output>
        </test-method> <!-- loginTest -->
        <test-method is-config="true" signature="afterMethod()[pri:0, instance:ninzaLogin.LoginTest@7f485fda]" started-at="2025-04-04T21:06:55 IST" name="afterMethod" finished-at="2025-04-04T21:06:56 IST" duration-ms="140" status="PASS">
          <reporter-output>
          </reporter-output>
        </test-method> <!-- afterMethod -->
        <test-method is-config="true" signature="afterClass()[pri:0, instance:ninzaLogin.LoginTest@7f485fda]" started-at="2025-04-04T21:06:56 IST" name="afterClass" finished-at="2025-04-04T21:06:57 IST" duration-ms="1800" status="PASS">
          <reporter-output>
          </reporter-output>
        </test-method> <!-- afterClass -->
      </class> <!-- ninzaLogin.LoginTest -->
      <class name="contactPage.CreateContactWithCampaignTest">
        <test-method is-config="true" signature="beforeSuite()[pri:0, instance:contactPage.CreateContactWithCampaignTest@79e4c792]" started-at="2025-04-04T21:06:00 IST" name="beforeSuite" finished-at="2025-04-04T21:06:02 IST" duration-ms="1291" status="PASS">
          <reporter-output>
          </reporter-output>
        </test-method> <!-- beforeSuite -->
        <test-method is-config="true" signature="beforeTest()[pri:0, instance:contactPage.CreateContactWithCampaignTest@79e4c792]" started-at="2025-04-04T21:06:02 IST" name="beforeTest" finished-at="2025-04-04T21:06:02 IST" duration-ms="2" status="PASS">
          <reporter-output>
          </reporter-output>
        </test-method> <!-- beforeTest -->
        <test-method is-config="true" signature="beforeClass()[pri:0, instance:contactPage.CreateContactWithCampaignTest@79e4c792]" started-at="2025-04-04T21:06:02 IST" name="beforeClass" finished-at="2025-04-04T21:06:06 IST" duration-ms="4171" status="PASS">
          <reporter-output>
          </reporter-output>
        </test-method> <!-- beforeClass -->
        <test-method is-config="true" signature="beforeMethod()[pri:0, instance:contactPage.CreateContactWithCampaignTest@79e4c792]" started-at="2025-04-04T21:06:06 IST" name="beforeMethod" finished-at="2025-04-04T21:06:10 IST" duration-ms="3980" status="PASS">
          <reporter-output>
          </reporter-output>
        </test-method> <!-- beforeMethod -->
        <test-method signature="createContactWithCampaignTest()[pri:0, instance:contactPage.CreateContactWithCampaignTest@79e4c792]" started-at="2025-04-04T21:06:10 IST" name="createContactWithCampaignTest" finished-at="2025-04-04T21:06:28 IST" duration-ms="18426" status="PASS">
          <reporter-output>
            <line>
              <![CDATA[CampaignCAM_1254 added successsfully ]]>
            </line>
          </reporter-output>
        </test-method> <!-- createContactWithCampaignTest -->
        <test-method is-config="true" signature="afterMethod()[pri:0, instance:contactPage.CreateContactWithCampaignTest@79e4c792]" started-at="2025-04-04T21:06:28 IST" name="afterMethod" finished-at="2025-04-04T21:06:28 IST" duration-ms="210" status="PASS">
          <reporter-output>
          </reporter-output>
        </test-method> <!-- afterMethod -->
        <test-method is-config="true" signature="afterClass()[pri:0, instance:contactPage.CreateContactWithCampaignTest@79e4c792]" started-at="2025-04-04T21:06:28 IST" name="afterClass" finished-at="2025-04-04T21:06:30 IST" duration-ms="1710" status="PASS">
          <reporter-output>
          </reporter-output>
        </test-method> <!-- afterClass -->
        <test-method is-config="true" signature="afterTest()[pri:0, instance:contactPage.CreateContactWithCampaignTest@79e4c792]" started-at="2025-04-04T21:07:25 IST" name="afterTest" finished-at="2025-04-04T21:07:25 IST" duration-ms="0" status="PASS">
          <reporter-output>
          </reporter-output>
        </test-method> <!-- afterTest -->
        <test-method is-config="true" signature="afterSuite()[pri:0, instance:contactPage.CreateContactWithCampaignTest@79e4c792]" started-at="2025-04-04T21:07:26 IST" name="afterSuite" finished-at="2025-04-04T21:07:26 IST" duration-ms="1" status="PASS">
          <reporter-output>
          </reporter-output>
        </test-method> <!-- afterSuite -->
      </class> <!-- contactPage.CreateContactWithCampaignTest -->
      <class name="product.AddProductTest">
        <test-method is-config="true" signature="beforeClass()[pri:0, instance:product.AddProductTest@4b29d1d2]" started-at="2025-04-04T21:06:30 IST" name="beforeClass" finished-at="2025-04-04T21:06:33 IST" duration-ms="3111" status="PASS">
          <reporter-output>
          </reporter-output>
        </test-method> <!-- beforeClass -->
        <test-method is-config="true" signature="beforeMethod()[pri:0, instance:product.AddProductTest@4b29d1d2]" started-at="2025-04-04T21:06:33 IST" name="beforeMethod" finished-at="2025-04-04T21:06:36 IST" duration-ms="3143" status="PASS">
          <reporter-output>
          </reporter-output>
        </test-method> <!-- beforeMethod -->
        <test-method signature="addProductTest()[pri:0, instance:product.AddProductTest@4b29d1d2]" started-at="2025-04-04T21:06:36 IST" name="addProductTest" finished-at="2025-04-04T21:06:42 IST" duration-ms="5608" status="PASS">
          <reporter-output>
          </reporter-output>
        </test-method> <!-- addProductTest -->
        <test-method is-config="true" signature="afterMethod()[pri:0, instance:product.AddProductTest@4b29d1d2]" started-at="2025-04-04T21:06:42 IST" name="afterMethod" finished-at="2025-04-04T21:06:42 IST" duration-ms="136" status="PASS">
          <reporter-output>
          </reporter-output>
        </test-method> <!-- afterMethod -->
        <test-method is-config="true" signature="afterClass()[pri:0, instance:product.AddProductTest@4b29d1d2]" started-at="2025-04-04T21:06:42 IST" name="afterClass" finished-at="2025-04-04T21:06:44 IST" duration-ms="1554" status="PASS">
          <reporter-output>
          </reporter-output>
        </test-method> <!-- afterClass -->
      </class> <!-- product.AddProductTest -->
    </test> <!-- Test -->
  </suite> <!-- Suite -->
</testng-results>
