<?xml version="1.0" encoding="UTF-8"?>
<!-- Generated by org.testng.reporters.JUnitXMLReporter -->
<testsuite ignored="0" hostname="DESKTOP-CAA1M5H" failures="0" tests="3" name="Test1" time="57.884" errors="0" timestamp="2025-03-20T21:11:19 IST">
  <testcase classname="ninzaLogin.LoginTest_testNG" name="loginTest" time="22.956"/>
  <testcase classname="campaignPage.CreateCampaignTest_testNG" name="createCampaignTest" time="19.142"/>
  <testcase classname="campaignPage.CreateCampaignTest_testNG" name="createCampaignWithDateTest" time="15.696"/>
</testsuite> <!-- Test1 -->
